<?xml version="1.0" encoding="UTF-8"?>
<testsuite xmlns:xsi="http://www.w3.org/2001/XMLSchema-instance" xsi:noNamespaceSchemaLocation="https://maven.apache.org/surefire/maven-surefire-plugin/xsd/surefire-test-report.xsd" name="com.wjj.miaosha.MiaoshaApplicationTests" time="6.666" tests="1" errors="0" skipped="0" failures="0">
  <properties>
    <property name="sun.desktop" value="windows"/>
    <property name="awt.toolkit" value="sun.awt.windows.WToolkit"/>
    <property name="file.encoding.pkg" value="sun.io"/>
    <property name="java.specification.version" value="1.8"/>
    <property name="sun.cpu.isalist" value="amd64"/>
    <property name="sun.jnu.encoding" value="GBK"/>
    <property name="java.class.path" value="D:\mywork\miaosha\target\test-classes;D:\mywork\miaosha\target\classes;E:\mavenKu\org\springframework\boot\spring-boot-starter-thymeleaf\2.7.16\spring-boot-starter-thymeleaf-2.7.16.jar;E:\mavenKu\org\springframework\boot\spring-boot-starter\2.7.16\spring-boot-starter-2.7.16.jar;E:\mavenKu\org\springframework\boot\spring-boot\2.7.16\spring-boot-2.7.16.jar;E:\mavenKu\org\springframework\boot\spring-boot-starter-logging\2.7.16\spring-boot-starter-logging-2.7.16.jar;E:\mavenKu\ch\qos\logback\logback-classic\1.2.12\logback-classic-1.2.12.jar;E:\mavenKu\ch\qos\logback\logback-core\1.2.12\logback-core-1.2.12.jar;E:\mavenKu\org\apache\logging\log4j\log4j-to-slf4j\2.17.2\log4j-to-slf4j-2.17.2.jar;E:\mavenKu\org\apache\logging\log4j\log4j-api\2.17.2\log4j-api-2.17.2.jar;E:\mavenKu\org\slf4j\jul-to-slf4j\1.7.36\jul-to-slf4j-1.7.36.jar;E:\mavenKu\jakarta\annotation\jakarta.annotation-api\1.3.5\jakarta.annotation-api-1.3.5.jar;E:\mavenKu\org\yaml\snakeyaml\1.30\snakeyaml-1.30.jar;E:\mavenKu\org\thymeleaf\thymeleaf-spring5\3.0.15.RELEASE\thymeleaf-spring5-3.0.15.RELEASE.jar;E:\mavenKu\org\thymeleaf\thymeleaf\3.0.15.RELEASE\thymeleaf-3.0.15.RELEASE.jar;E:\mavenKu\org\attoparser\attoparser\2.0.5.RELEASE\attoparser-2.0.5.RELEASE.jar;E:\mavenKu\org\unbescape\unbescape\1.1.6.RELEASE\unbescape-1.1.6.RELEASE.jar;E:\mavenKu\org\slf4j\slf4j-api\1.7.36\slf4j-api-1.7.36.jar;E:\mavenKu\org\thymeleaf\extras\thymeleaf-extras-java8time\3.0.4.RELEASE\thymeleaf-extras-java8time-3.0.4.RELEASE.jar;E:\mavenKu\org\springframework\boot\spring-boot-starter-web\2.7.16\spring-boot-starter-web-2.7.16.jar;E:\mavenKu\org\springframework\boot\spring-boot-starter-json\2.7.16\spring-boot-starter-json-2.7.16.jar;E:\mavenKu\com\fasterxml\jackson\core\jackson-databind\2.13.5\jackson-databind-2.13.5.jar;E:\mavenKu\com\fasterxml\jackson\core\jackson-annotations\2.13.5\jackson-annotations-2.13.5.jar;E:\mavenKu\com\fasterxml\jackson\core\jackson-core\2.13.5\jackson-core-2.13.5.jar;E:\mavenKu\com\fasterxml\jackson\datatype\jackson-datatype-jdk8\2.13.5\jackson-datatype-jdk8-2.13.5.jar;E:\mavenKu\com\fasterxml\jackson\datatype\jackson-datatype-jsr310\2.13.5\jackson-datatype-jsr310-2.13.5.jar;E:\mavenKu\com\fasterxml\jackson\module\jackson-module-parameter-names\2.13.5\jackson-module-parameter-names-2.13.5.jar;E:\mavenKu\org\springframework\boot\spring-boot-starter-tomcat\2.7.16\spring-boot-starter-tomcat-2.7.16.jar;E:\mavenKu\org\apache\tomcat\embed\tomcat-embed-core\9.0.80\tomcat-embed-core-9.0.80.jar;E:\mavenKu\org\apache\tomcat\embed\tomcat-embed-websocket\9.0.80\tomcat-embed-websocket-9.0.80.jar;E:\mavenKu\org\springframework\spring-web\5.3.30\spring-web-5.3.30.jar;E:\mavenKu\org\springframework\spring-beans\5.3.30\spring-beans-5.3.30.jar;E:\mavenKu\org\springframework\spring-webmvc\5.3.30\spring-webmvc-5.3.30.jar;E:\mavenKu\org\springframework\spring-aop\5.3.30\spring-aop-5.3.30.jar;E:\mavenKu\org\springframework\spring-context\5.3.30\spring-context-5.3.30.jar;E:\mavenKu\org\springframework\spring-expression\5.3.30\spring-expression-5.3.30.jar;E:\mavenKu\com\mysql\mysql-connector-j\8.0.33\mysql-connector-j-8.0.33.jar;E:\mavenKu\org\projectlombok\lombok\1.18.30\lombok-1.18.30.jar;E:\mavenKu\org\springframework\boot\spring-boot-starter-test\2.7.16\spring-boot-starter-test-2.7.16.jar;E:\mavenKu\org\springframework\boot\spring-boot-test\2.7.16\spring-boot-test-2.7.16.jar;E:\mavenKu\org\springframework\boot\spring-boot-test-autoconfigure\2.7.16\spring-boot-test-autoconfigure-2.7.16.jar;E:\mavenKu\com\jayway\jsonpath\json-path\2.7.0\json-path-2.7.0.jar;E:\mavenKu\net\minidev\json-smart\2.4.11\json-smart-2.4.11.jar;E:\mavenKu\net\minidev\accessors-smart\2.4.11\accessors-smart-2.4.11.jar;E:\mavenKu\org\ow2\asm\asm\9.3\asm-9.3.jar;E:\mavenKu\jakarta\xml\bind\jakarta.xml.bind-api\2.3.3\jakarta.xml.bind-api-2.3.3.jar;E:\mavenKu\jakarta\activation\jakarta.activation-api\1.2.2\jakarta.activation-api-1.2.2.jar;E:\mavenKu\org\assertj\assertj-core\3.22.0\assertj-core-3.22.0.jar;E:\mavenKu\org\hamcrest\hamcrest\2.2\hamcrest-2.2.jar;E:\mavenKu\org\junit\jupiter\junit-jupiter\5.8.2\junit-jupiter-5.8.2.jar;E:\mavenKu\org\junit\jupiter\junit-jupiter-api\5.8.2\junit-jupiter-api-5.8.2.jar;E:\mavenKu\org\opentest4j\opentest4j\1.2.0\opentest4j-1.2.0.jar;E:\mavenKu\org\junit\platform\junit-platform-commons\1.8.2\junit-platform-commons-1.8.2.jar;E:\mavenKu\org\apiguardian\apiguardian-api\1.1.2\apiguardian-api-1.1.2.jar;E:\mavenKu\org\junit\jupiter\junit-jupiter-params\5.8.2\junit-jupiter-params-5.8.2.jar;E:\mavenKu\org\junit\jupiter\junit-jupiter-engine\5.8.2\junit-jupiter-engine-5.8.2.jar;E:\mavenKu\org\junit\platform\junit-platform-engine\1.8.2\junit-platform-engine-1.8.2.jar;E:\mavenKu\org\mockito\mockito-core\4.5.1\mockito-core-4.5.1.jar;E:\mavenKu\net\bytebuddy\byte-buddy\1.12.23\byte-buddy-1.12.23.jar;E:\mavenKu\net\bytebuddy\byte-buddy-agent\1.12.23\byte-buddy-agent-1.12.23.jar;E:\mavenKu\org\objenesis\objenesis\3.2\objenesis-3.2.jar;E:\mavenKu\org\mockito\mockito-junit-jupiter\4.5.1\mockito-junit-jupiter-4.5.1.jar;E:\mavenKu\org\skyscreamer\jsonassert\1.5.1\jsonassert-1.5.1.jar;E:\mavenKu\com\vaadin\external\google\android-json\0.0.20131108.vaadin1\android-json-0.0.20131108.vaadin1.jar;E:\mavenKu\org\springframework\spring-core\5.3.30\spring-core-5.3.30.jar;E:\mavenKu\org\springframework\spring-jcl\5.3.30\spring-jcl-5.3.30.jar;E:\mavenKu\org\springframework\spring-test\5.3.30\spring-test-5.3.30.jar;E:\mavenKu\org\xmlunit\xmlunit-core\2.9.1\xmlunit-core-2.9.1.jar;E:\mavenKu\com\baomidou\mybatis-plus-boot-starter\3.4.0\mybatis-plus-boot-starter-3.4.0.jar;E:\mavenKu\com\baomidou\mybatis-plus\3.4.0\mybatis-plus-3.4.0.jar;E:\mavenKu\com\baomidou\mybatis-plus-extension\3.4.0\mybatis-plus-extension-3.4.0.jar;E:\mavenKu\com\baomidou\mybatis-plus-core\3.4.0\mybatis-plus-core-3.4.0.jar;E:\mavenKu\com\baomidou\mybatis-plus-annotation\3.4.0\mybatis-plus-annotation-3.4.0.jar;E:\mavenKu\com\github\jsqlparser\jsqlparser\3.2\jsqlparser-3.2.jar;E:\mavenKu\org\mybatis\mybatis\3.5.5\mybatis-3.5.5.jar;E:\mavenKu\org\mybatis\mybatis-spring\2.0.5\mybatis-spring-2.0.5.jar;E:\mavenKu\org\springframework\boot\spring-boot-autoconfigure\2.7.16\spring-boot-autoconfigure-2.7.16.jar;E:\mavenKu\org\springframework\boot\spring-boot-starter-jdbc\2.7.16\spring-boot-starter-jdbc-2.7.16.jar;E:\mavenKu\com\zaxxer\HikariCP\4.0.3\HikariCP-4.0.3.jar;E:\mavenKu\org\springframework\spring-jdbc\5.3.30\spring-jdbc-5.3.30.jar;E:\mavenKu\commons-codec\commons-codec\1.15\commons-codec-1.15.jar;E:\mavenKu\org\springframework\boot\spring-boot-starter-validation\2.7.16\spring-boot-starter-validation-2.7.16.jar;E:\mavenKu\org\apache\tomcat\embed\tomcat-embed-el\9.0.80\tomcat-embed-el-9.0.80.jar;E:\mavenKu\org\hibernate\validator\hibernate-validator\6.2.5.Final\hibernate-validator-6.2.5.Final.jar;E:\mavenKu\jakarta\validation\jakarta.validation-api\2.0.2\jakarta.validation-api-2.0.2.jar;E:\mavenKu\org\jboss\logging\jboss-logging\3.4.3.Final\jboss-logging-3.4.3.Final.jar;E:\mavenKu\com\fasterxml\classmate\1.5.1\classmate-1.5.1.jar;E:\mavenKu\org\springframework\boot\spring-boot-starter-data-redis\2.7.16\spring-boot-starter-data-redis-2.7.16.jar;E:\mavenKu\org\springframework\data\spring-data-redis\2.7.16\spring-data-redis-2.7.16.jar;E:\mavenKu\org\springframework\data\spring-data-keyvalue\2.7.16\spring-data-keyvalue-2.7.16.jar;E:\mavenKu\org\springframework\data\spring-data-commons\2.7.16\spring-data-commons-2.7.16.jar;E:\mavenKu\org\springframework\spring-tx\5.3.30\spring-tx-5.3.30.jar;E:\mavenKu\org\springframework\spring-oxm\5.3.30\spring-oxm-5.3.30.jar;E:\mavenKu\org\springframework\spring-context-support\5.3.30\spring-context-support-5.3.30.jar;E:\mavenKu\io\lettuce\lettuce-core\6.1.10.RELEASE\lettuce-core-6.1.10.RELEASE.jar;E:\mavenKu\io\netty\netty-common\4.1.97.Final\netty-common-4.1.97.Final.jar;E:\mavenKu\io\netty\netty-handler\4.1.97.Final\netty-handler-4.1.97.Final.jar;E:\mavenKu\io\netty\netty-resolver\4.1.97.Final\netty-resolver-4.1.97.Final.jar;E:\mavenKu\io\netty\netty-buffer\4.1.97.Final\netty-buffer-4.1.97.Final.jar;E:\mavenKu\io\netty\netty-transport-native-unix-common\4.1.97.Final\netty-transport-native-unix-common-4.1.97.Final.jar;E:\mavenKu\io\netty\netty-codec\4.1.97.Final\netty-codec-4.1.97.Final.jar;E:\mavenKu\io\netty\netty-transport\4.1.97.Final\netty-transport-4.1.97.Final.jar;E:\mavenKu\io\projectreactor\reactor-core\3.4.32\reactor-core-3.4.32.jar;E:\mavenKu\org\reactivestreams\reactive-streams\1.0.4\reactive-streams-1.0.4.jar;E:\mavenKu\org\apache\commons\commons-pool2\2.11.1\commons-pool2-2.11.1.jar;E:\mavenKu\org\springframework\session\spring-session-data-redis\2.7.2\spring-session-data-redis-2.7.2.jar;E:\mavenKu\org\springframework\session\spring-session-core\2.7.2\spring-session-core-2.7.2.jar;"/>
    <property name="java.vm.vendor" value="Oracle Corporation"/>
    <property name="sun.arch.data.model" value="64"/>
    <property name="user.variant" value=""/>
    <property name="java.vendor.url" value="http://java.oracle.com/"/>
    <property name="user.timezone" value="Asia/Shanghai"/>
    <property name="java.vm.specification.version" value="1.8"/>
    <property name="os.name" value="Windows 10"/>
    <property name="user.country" value="CN"/>
    <property name="sun.java.launcher" value="SUN_STANDARD"/>
    <property name="sun.boot.library.path" value="E:\jdk1.8\jre\bin"/>
    <property name="sun.java.command" value="C:\Users\25008\AppData\Local\Temp\surefire8754326444585182769\surefirebooter430868425592174066.jar C:\Users\25008\AppData\Local\Temp\surefire8754326444585182769 2023-10-31T00-22-58_446-jvmRun1 surefire608150462466656318tmp surefire_05455100851628581987tmp"/>
    <property name="surefire.test.class.path" value="D:\mywork\miaosha\target\test-classes;D:\mywork\miaosha\target\classes;E:\mavenKu\org\springframework\boot\spring-boot-starter-thymeleaf\2.7.16\spring-boot-starter-thymeleaf-2.7.16.jar;E:\mavenKu\org\springframework\boot\spring-boot-starter\2.7.16\spring-boot-starter-2.7.16.jar;E:\mavenKu\org\springframework\boot\spring-boot\2.7.16\spring-boot-2.7.16.jar;E:\mavenKu\org\springframework\boot\spring-boot-starter-logging\2.7.16\spring-boot-starter-logging-2.7.16.jar;E:\mavenKu\ch\qos\logback\logback-classic\1.2.12\logback-classic-1.2.12.jar;E:\mavenKu\ch\qos\logback\logback-core\1.2.12\logback-core-1.2.12.jar;E:\mavenKu\org\apache\logging\log4j\log4j-to-slf4j\2.17.2\log4j-to-slf4j-2.17.2.jar;E:\mavenKu\org\apache\logging\log4j\log4j-api\2.17.2\log4j-api-2.17.2.jar;E:\mavenKu\org\slf4j\jul-to-slf4j\1.7.36\jul-to-slf4j-1.7.36.jar;E:\mavenKu\jakarta\annotation\jakarta.annotation-api\1.3.5\jakarta.annotation-api-1.3.5.jar;E:\mavenKu\org\yaml\snakeyaml\1.30\snakeyaml-1.30.jar;E:\mavenKu\org\thymeleaf\thymeleaf-spring5\3.0.15.RELEASE\thymeleaf-spring5-3.0.15.RELEASE.jar;E:\mavenKu\org\thymeleaf\thymeleaf\3.0.15.RELEASE\thymeleaf-3.0.15.RELEASE.jar;E:\mavenKu\org\attoparser\attoparser\2.0.5.RELEASE\attoparser-2.0.5.RELEASE.jar;E:\mavenKu\org\unbescape\unbescape\1.1.6.RELEASE\unbescape-1.1.6.RELEASE.jar;E:\mavenKu\org\slf4j\slf4j-api\1.7.36\slf4j-api-1.7.36.jar;E:\mavenKu\org\thymeleaf\extras\thymeleaf-extras-java8time\3.0.4.RELEASE\thymeleaf-extras-java8time-3.0.4.RELEASE.jar;E:\mavenKu\org\springframework\boot\spring-boot-starter-web\2.7.16\spring-boot-starter-web-2.7.16.jar;E:\mavenKu\org\springframework\boot\spring-boot-starter-json\2.7.16\spring-boot-starter-json-2.7.16.jar;E:\mavenKu\com\fasterxml\jackson\core\jackson-databind\2.13.5\jackson-databind-2.13.5.jar;E:\mavenKu\com\fasterxml\jackson\core\jackson-annotations\2.13.5\jackson-annotations-2.13.5.jar;E:\mavenKu\com\fasterxml\jackson\core\jackson-core\2.13.5\jackson-core-2.13.5.jar;E:\mavenKu\com\fasterxml\jackson\datatype\jackson-datatype-jdk8\2.13.5\jackson-datatype-jdk8-2.13.5.jar;E:\mavenKu\com\fasterxml\jackson\datatype\jackson-datatype-jsr310\2.13.5\jackson-datatype-jsr310-2.13.5.jar;E:\mavenKu\com\fasterxml\jackson\module\jackson-module-parameter-names\2.13.5\jackson-module-parameter-names-2.13.5.jar;E:\mavenKu\org\springframework\boot\spring-boot-starter-tomcat\2.7.16\spring-boot-starter-tomcat-2.7.16.jar;E:\mavenKu\org\apache\tomcat\embed\tomcat-embed-core\9.0.80\tomcat-embed-core-9.0.80.jar;E:\mavenKu\org\apache\tomcat\embed\tomcat-embed-websocket\9.0.80\tomcat-embed-websocket-9.0.80.jar;E:\mavenKu\org\springframework\spring-web\5.3.30\spring-web-5.3.30.jar;E:\mavenKu\org\springframework\spring-beans\5.3.30\spring-beans-5.3.30.jar;E:\mavenKu\org\springframework\spring-webmvc\5.3.30\spring-webmvc-5.3.30.jar;E:\mavenKu\org\springframework\spring-aop\5.3.30\spring-aop-5.3.30.jar;E:\mavenKu\org\springframework\spring-context\5.3.30\spring-context-5.3.30.jar;E:\mavenKu\org\springframework\spring-expression\5.3.30\spring-expression-5.3.30.jar;E:\mavenKu\com\mysql\mysql-connector-j\8.0.33\mysql-connector-j-8.0.33.jar;E:\mavenKu\org\projectlombok\lombok\1.18.30\lombok-1.18.30.jar;E:\mavenKu\org\springframework\boot\spring-boot-starter-test\2.7.16\spring-boot-starter-test-2.7.16.jar;E:\mavenKu\org\springframework\boot\spring-boot-test\2.7.16\spring-boot-test-2.7.16.jar;E:\mavenKu\org\springframework\boot\spring-boot-test-autoconfigure\2.7.16\spring-boot-test-autoconfigure-2.7.16.jar;E:\mavenKu\com\jayway\jsonpath\json-path\2.7.0\json-path-2.7.0.jar;E:\mavenKu\net\minidev\json-smart\2.4.11\json-smart-2.4.11.jar;E:\mavenKu\net\minidev\accessors-smart\2.4.11\accessors-smart-2.4.11.jar;E:\mavenKu\org\ow2\asm\asm\9.3\asm-9.3.jar;E:\mavenKu\jakarta\xml\bind\jakarta.xml.bind-api\2.3.3\jakarta.xml.bind-api-2.3.3.jar;E:\mavenKu\jakarta\activation\jakarta.activation-api\1.2.2\jakarta.activation-api-1.2.2.jar;E:\mavenKu\org\assertj\assertj-core\3.22.0\assertj-core-3.22.0.jar;E:\mavenKu\org\hamcrest\hamcrest\2.2\hamcrest-2.2.jar;E:\mavenKu\org\junit\jupiter\junit-jupiter\5.8.2\junit-jupiter-5.8.2.jar;E:\mavenKu\org\junit\jupiter\junit-jupiter-api\5.8.2\junit-jupiter-api-5.8.2.jar;E:\mavenKu\org\opentest4j\opentest4j\1.2.0\opentest4j-1.2.0.jar;E:\mavenKu\org\junit\platform\junit-platform-commons\1.8.2\junit-platform-commons-1.8.2.jar;E:\mavenKu\org\apiguardian\apiguardian-api\1.1.2\apiguardian-api-1.1.2.jar;E:\mavenKu\org\junit\jupiter\junit-jupiter-params\5.8.2\junit-jupiter-params-5.8.2.jar;E:\mavenKu\org\junit\jupiter\junit-jupiter-engine\5.8.2\junit-jupiter-engine-5.8.2.jar;E:\mavenKu\org\junit\platform\junit-platform-engine\1.8.2\junit-platform-engine-1.8.2.jar;E:\mavenKu\org\mockito\mockito-core\4.5.1\mockito-core-4.5.1.jar;E:\mavenKu\net\bytebuddy\byte-buddy\1.12.23\byte-buddy-1.12.23.jar;E:\mavenKu\net\bytebuddy\byte-buddy-agent\1.12.23\byte-buddy-agent-1.12.23.jar;E:\mavenKu\org\objenesis\objenesis\3.2\objenesis-3.2.jar;E:\mavenKu\org\mockito\mockito-junit-jupiter\4.5.1\mockito-junit-jupiter-4.5.1.jar;E:\mavenKu\org\skyscreamer\jsonassert\1.5.1\jsonassert-1.5.1.jar;E:\mavenKu\com\vaadin\external\google\android-json\0.0.20131108.vaadin1\android-json-0.0.20131108.vaadin1.jar;E:\mavenKu\org\springframework\spring-core\5.3.30\spring-core-5.3.30.jar;E:\mavenKu\org\springframework\spring-jcl\5.3.30\spring-jcl-5.3.30.jar;E:\mavenKu\org\springframework\spring-test\5.3.30\spring-test-5.3.30.jar;E:\mavenKu\org\xmlunit\xmlunit-core\2.9.1\xmlunit-core-2.9.1.jar;E:\mavenKu\com\baomidou\mybatis-plus-boot-starter\3.4.0\mybatis-plus-boot-starter-3.4.0.jar;E:\mavenKu\com\baomidou\mybatis-plus\3.4.0\mybatis-plus-3.4.0.jar;E:\mavenKu\com\baomidou\mybatis-plus-extension\3.4.0\mybatis-plus-extension-3.4.0.jar;E:\mavenKu\com\baomidou\mybatis-plus-core\3.4.0\mybatis-plus-core-3.4.0.jar;E:\mavenKu\com\baomidou\mybatis-plus-annotation\3.4.0\mybatis-plus-annotation-3.4.0.jar;E:\mavenKu\com\github\jsqlparser\jsqlparser\3.2\jsqlparser-3.2.jar;E:\mavenKu\org\mybatis\mybatis\3.5.5\mybatis-3.5.5.jar;E:\mavenKu\org\mybatis\mybatis-spring\2.0.5\mybatis-spring-2.0.5.jar;E:\mavenKu\org\springframework\boot\spring-boot-autoconfigure\2.7.16\spring-boot-autoconfigure-2.7.16.jar;E:\mavenKu\org\springframework\boot\spring-boot-starter-jdbc\2.7.16\spring-boot-starter-jdbc-2.7.16.jar;E:\mavenKu\com\zaxxer\HikariCP\4.0.3\HikariCP-4.0.3.jar;E:\mavenKu\org\springframework\spring-jdbc\5.3.30\spring-jdbc-5.3.30.jar;E:\mavenKu\commons-codec\commons-codec\1.15\commons-codec-1.15.jar;E:\mavenKu\org\springframework\boot\spring-boot-starter-validation\2.7.16\spring-boot-starter-validation-2.7.16.jar;E:\mavenKu\org\apache\tomcat\embed\tomcat-embed-el\9.0.80\tomcat-embed-el-9.0.80.jar;E:\mavenKu\org\hibernate\validator\hibernate-validator\6.2.5.Final\hibernate-validator-6.2.5.Final.jar;E:\mavenKu\jakarta\validation\jakarta.validation-api\2.0.2\jakarta.validation-api-2.0.2.jar;E:\mavenKu\org\jboss\logging\jboss-logging\3.4.3.Final\jboss-logging-3.4.3.Final.jar;E:\mavenKu\com\fasterxml\classmate\1.5.1\classmate-1.5.1.jar;E:\mavenKu\org\springframework\boot\spring-boot-starter-data-redis\2.7.16\spring-boot-starter-data-redis-2.7.16.jar;E:\mavenKu\org\springframework\data\spring-data-redis\2.7.16\spring-data-redis-2.7.16.jar;E:\mavenKu\org\springframework\data\spring-data-keyvalue\2.7.16\spring-data-keyvalue-2.7.16.jar;E:\mavenKu\org\springframework\data\spring-data-commons\2.7.16\spring-data-commons-2.7.16.jar;E:\mavenKu\org\springframework\spring-tx\5.3.30\spring-tx-5.3.30.jar;E:\mavenKu\org\springframework\spring-oxm\5.3.30\spring-oxm-5.3.30.jar;E:\mavenKu\org\springframework\spring-context-support\5.3.30\spring-context-support-5.3.30.jar;E:\mavenKu\io\lettuce\lettuce-core\6.1.10.RELEASE\lettuce-core-6.1.10.RELEASE.jar;E:\mavenKu\io\netty\netty-common\4.1.97.Final\netty-common-4.1.97.Final.jar;E:\mavenKu\io\netty\netty-handler\4.1.97.Final\netty-handler-4.1.97.Final.jar;E:\mavenKu\io\netty\netty-resolver\4.1.97.Final\netty-resolver-4.1.97.Final.jar;E:\mavenKu\io\netty\netty-buffer\4.1.97.Final\netty-buffer-4.1.97.Final.jar;E:\mavenKu\io\netty\netty-transport-native-unix-common\4.1.97.Final\netty-transport-native-unix-common-4.1.97.Final.jar;E:\mavenKu\io\netty\netty-codec\4.1.97.Final\netty-codec-4.1.97.Final.jar;E:\mavenKu\io\netty\netty-transport\4.1.97.Final\netty-transport-4.1.97.Final.jar;E:\mavenKu\io\projectreactor\reactor-core\3.4.32\reactor-core-3.4.32.jar;E:\mavenKu\org\reactivestreams\reactive-streams\1.0.4\reactive-streams-1.0.4.jar;E:\mavenKu\org\apache\commons\commons-pool2\2.11.1\commons-pool2-2.11.1.jar;E:\mavenKu\org\springframework\session\spring-session-data-redis\2.7.2\spring-session-data-redis-2.7.2.jar;E:\mavenKu\org\springframework\session\spring-session-core\2.7.2\spring-session-core-2.7.2.jar;"/>
    <property name="sun.cpu.endian" value="little"/>
    <property name="user.home" value="C:\Users\25008"/>
    <property name="user.language" value="zh"/>
    <property name="java.specification.vendor" value="Oracle Corporation"/>
    <property name="java.home" value="E:\jdk1.8\jre"/>
    <property name="basedir" value="D:\mywork\miaosha"/>
    <property name="file.separator" value="\"/>
    <property name="line.separator" value="&#10;"/>
    <property name="java.vm.specification.vendor" value="Oracle Corporation"/>
    <property name="java.specification.name" value="Java Platform API Specification"/>
    <property name="java.awt.graphicsenv" value="sun.awt.Win32GraphicsEnvironment"/>
    <property name="surefire.real.class.path" value="C:\Users\25008\AppData\Local\Temp\surefire8754326444585182769\surefirebooter430868425592174066.jar"/>
    <property name="sun.boot.class.path" value="E:\jdk1.8\jre\lib\resources.jar;E:\jdk1.8\jre\lib\rt.jar;E:\jdk1.8\jre\lib\sunrsasign.jar;E:\jdk1.8\jre\lib\jsse.jar;E:\jdk1.8\jre\lib\jce.jar;E:\jdk1.8\jre\lib\charsets.jar;E:\jdk1.8\jre\lib\jfr.jar;E:\jdk1.8\jre\classes"/>
    <property name="user.script" value=""/>
    <property name="sun.management.compiler" value="HotSpot 64-Bit Tiered Compilers"/>
    <property name="java.runtime.version" value="1.8.0_144-b01"/>
    <property name="user.name" value="25008"/>
    <property name="path.separator" value=";"/>
    <property name="os.version" value="10.0"/>
    <property name="java.endorsed.dirs" value="E:\jdk1.8\jre\lib\endorsed"/>
    <property name="java.runtime.name" value="Java(TM) SE Runtime Environment"/>
    <property name="file.encoding" value="GBK"/>
    <property name="java.vm.name" value="Java HotSpot(TM) 64-Bit Server VM"/>
    <property name="localRepository" value="E:\mavenKu"/>
    <property name="java.vendor.url.bug" value="http://bugreport.sun.com/bugreport/"/>
    <property name="java.io.tmpdir" value="C:\Users\25008\AppData\Local\Temp\"/>
    <property name="idea.version" value="2021.3.2"/>
    <property name="java.version" value="1.8.0_144"/>
    <property name="user.dir" value="D:\mywork\miaosha"/>
    <property name="os.arch" value="amd64"/>
    <property name="java.vm.specification.name" value="Java Virtual Machine Specification"/>
    <property name="java.awt.printerjob" value="sun.awt.windows.WPrinterJob"/>
    <property name="sun.os.patch.level" value=""/>
    <property name="java.library.path" value="E:\jdk1.8\jre\bin;C:\WINDOWS\Sun\Java\bin;C:\WINDOWS\system32;C:\WINDOWS;D:\python\Scripts\;D:\python\;E:\orcaldata\product\11.2.0\dbhome_1\bin;C:\WINDOWS\system32;C:\WINDOWS;C:\WINDOWS\System32\Wbem;C:\WINDOWS\System32\WindowsPowerShell\v1.0\;C:\WINDOWS\System32\OpenSSH\;E:\jdk1.8\bin;D:\apache-maven-3.5.4\bin;D:\nodejs\;D:\Git\cmd;C:\Program Files\dotnet\;D:\bandzip\Bandizip\;C:\Users\25008\AppData\Local\Microsoft\WindowsApps;D:\vscode\Microsoft VS Code\bin;D:\nodejs\node_global;C:\Users\25008\AppData\Roaming\npm;."/>
    <property name="java.vm.info" value="mixed mode"/>
    <property name="java.vendor" value="Oracle Corporation"/>
    <property name="java.vm.version" value="25.144-b01"/>
    <property name="java.ext.dirs" value="E:\jdk1.8\jre\lib\ext;C:\WINDOWS\Sun\Java\lib\ext"/>
    <property name="sun.io.unicode.encoding" value="UnicodeLittle"/>
    <property name="maven.repo.local" value="E:\mavenKu"/>
    <property name="java.class.version" value="52.0"/>
  </properties>
  <testcase name="contextLoads" classname="com.wjj.miaosha.MiaoshaApplicationTests" time="0.179"/>
</testsuite>